<?xml version="1.0" encoding="UTF-8"?>
<testsuite name="com.example.springpayments.SpringPaymentsApplicationTests" tests="1" skipped="0" failures="0" errors="0" timestamp="2021-11-11T19:13:11" hostname="Beta" time="0.268">
  <properties/>
  <testcase name="contextLoads()" classname="com.example.springpayments.SpringPaymentsApplicationTests" time="0.268"/>
  <system-out><![CDATA[11:13:03.152 [Test worker] DEBUG org.springframework.test.context.BootstrapUtils - Instantiating CacheAwareContextLoaderDelegate from class [org.springframework.test.context.cache.DefaultCacheAwareContextLoaderDelegate]
11:13:03.174 [Test worker] DEBUG org.springframework.test.context.BootstrapUtils - Instantiating BootstrapContext using constructor [public org.springframework.test.context.support.DefaultBootstrapContext(java.lang.Class,org.springframework.test.context.CacheAwareContextLoaderDelegate)]
11:13:03.235 [Test worker] DEBUG org.springframework.test.context.BootstrapUtils - Instantiating TestContextBootstrapper for test class [com.example.springpayments.SpringPaymentsApplicationTests] from class [org.springframework.boot.test.context.SpringBootTestContextBootstrapper]
11:13:03.255 [Test worker] INFO org.springframework.boot.test.context.SpringBootTestContextBootstrapper - Neither @ContextConfiguration nor @ContextHierarchy found for test class [com.example.springpayments.SpringPaymentsApplicationTests], using SpringBootContextLoader
11:13:03.263 [Test worker] DEBUG org.springframework.test.context.support.AbstractContextLoader - Did not detect default resource location for test class [com.example.springpayments.SpringPaymentsApplicationTests]: class path resource [com/example/springpayments/SpringPaymentsApplicationTests-context.xml] does not exist
11:13:03.264 [Test worker] DEBUG org.springframework.test.context.support.AbstractContextLoader - Did not detect default resource location for test class [com.example.springpayments.SpringPaymentsApplicationTests]: class path resource [com/example/springpayments/SpringPaymentsApplicationTestsContext.groovy] does not exist
11:13:03.264 [Test worker] INFO org.springframework.test.context.support.AbstractContextLoader - Could not detect default resource locations for test class [com.example.springpayments.SpringPaymentsApplicationTests]: no resource found for suffixes {-context.xml, Context.groovy}.
11:13:03.265 [Test worker] INFO org.springframework.test.context.support.AnnotationConfigContextLoaderUtils - Could not detect default configuration classes for test class [com.example.springpayments.SpringPaymentsApplicationTests]: SpringPaymentsApplicationTests does not declare any static, non-private, non-final, nested classes annotated with @Configuration.
11:13:03.334 [Test worker] DEBUG org.springframework.test.context.support.ActiveProfilesUtils - Could not find an 'annotation declaring class' for annotation type [org.springframework.test.context.ActiveProfiles] and class [com.example.springpayments.SpringPaymentsApplicationTests]
11:13:03.435 [Test worker] DEBUG org.springframework.context.annotation.ClassPathScanningCandidateComponentProvider - Identified candidate component class: file [/Users/Veida/Desktop/Midterm/spring-payments_C/build/classes/java/main/com/example/springpayments/SpringPaymentsApplication.class]
11:13:03.437 [Test worker] INFO org.springframework.boot.test.context.SpringBootTestContextBootstrapper - Found @SpringBootConfiguration com.example.springpayments.SpringPaymentsApplication for test class com.example.springpayments.SpringPaymentsApplicationTests
11:13:03.585 [Test worker] DEBUG org.springframework.boot.test.context.SpringBootTestContextBootstrapper - @TestExecutionListeners is not present for class [com.example.springpayments.SpringPaymentsApplicationTests]: using defaults.
11:13:03.586 [Test worker] INFO org.springframework.boot.test.context.SpringBootTestContextBootstrapper - Loaded default TestExecutionListener class names from location [META-INF/spring.factories]: [org.springframework.boot.test.autoconfigure.restdocs.RestDocsTestExecutionListener, org.springframework.boot.test.autoconfigure.web.client.MockRestServiceServerResetTestExecutionListener, org.springframework.boot.test.autoconfigure.web.servlet.MockMvcPrintOnlyOnFailureTestExecutionListener, org.springframework.boot.test.autoconfigure.web.servlet.WebDriverTestExecutionListener, org.springframework.boot.test.autoconfigure.webservices.client.MockWebServiceServerTestExecutionListener, org.springframework.boot.test.mock.mockito.MockitoTestExecutionListener, org.springframework.boot.test.mock.mockito.ResetMocksTestExecutionListener, org.springframework.test.context.web.ServletTestExecutionListener, org.springframework.test.context.support.DirtiesContextBeforeModesTestExecutionListener, org.springframework.test.context.event.ApplicationEventsTestExecutionListener, org.springframework.test.context.support.DependencyInjectionTestExecutionListener, org.springframework.test.context.support.DirtiesContextTestExecutionListener, org.springframework.test.context.transaction.TransactionalTestExecutionListener, org.springframework.test.context.jdbc.SqlScriptsTestExecutionListener, org.springframework.test.context.event.EventPublishingTestExecutionListener]
11:13:03.610 [Test worker] INFO org.springframework.boot.test.context.SpringBootTestContextBootstrapper - Using TestExecutionListeners: [org.springframework.test.context.web.ServletTestExecutionListener@37d80fe7, org.springframework.test.context.support.DirtiesContextBeforeModesTestExecutionListener@384fc774, org.springframework.test.context.event.ApplicationEventsTestExecutionListener@e3cee7b, org.springframework.boot.test.mock.mockito.MockitoTestExecutionListener@71e9a896, org.springframework.boot.test.autoconfigure.SpringBootDependencyInjectionTestExecutionListener@6b9267b, org.springframework.test.context.support.DirtiesContextTestExecutionListener@408b35bf, org.springframework.test.context.transaction.TransactionalTestExecutionListener@29ad44e3, org.springframework.test.context.jdbc.SqlScriptsTestExecutionListener@15bcf458, org.springframework.test.context.event.EventPublishingTestExecutionListener@5af9926a, org.springframework.boot.test.autoconfigure.restdocs.RestDocsTestExecutionListener@43c67247, org.springframework.boot.test.autoconfigure.web.client.MockRestServiceServerResetTestExecutionListener@fac80, org.springframework.boot.test.autoconfigure.web.servlet.MockMvcPrintOnlyOnFailureTestExecutionListener@726386ed, org.springframework.boot.test.autoconfigure.web.servlet.WebDriverTestExecutionListener@649f2009, org.springframework.boot.test.autoconfigure.webservices.client.MockWebServiceServerTestExecutionListener@14bb2297, org.springframework.boot.test.mock.mockito.ResetMocksTestExecutionListener@69adf72c]
11:13:03.615 [Test worker] DEBUG org.springframework.test.context.support.AbstractDirtiesContextTestExecutionListener - Before test class: context [DefaultTestContext@750fe12e testClass = SpringPaymentsApplicationTests, testInstance = [null], testMethod = [null], testException = [null], mergedContextConfiguration = [WebMergedContextConfiguration@f8908f6 testClass = SpringPaymentsApplicationTests, locations = '{}', classes = '{class com.example.springpayments.SpringPaymentsApplication}', contextInitializerClasses = '[]', activeProfiles = '{}', propertySourceLocations = '{}', propertySourceProperties = '{org.springframework.boot.test.context.SpringBootTestContextBootstrapper=true}', contextCustomizers = set[org.springframework.boot.test.autoconfigure.actuate.metrics.MetricsExportContextCustomizerFactory$DisableMetricExportContextCustomizer@315f43d5, org.springframework.boot.test.autoconfigure.properties.PropertyMappingContextCustomizer@0, org.springframework.boot.test.autoconfigure.web.servlet.WebDriverContextCustomizerFactory$Customizer@38f116f6, org.springframework.boot.test.context.filter.ExcludeFilterContextCustomizer@85e6769, org.springframework.boot.test.json.DuplicateJsonObjectContextCustomizerFactory$DuplicateJsonObjectContextCustomizer@bf1ec20, org.springframework.boot.test.mock.mockito.MockitoContextCustomizer@0, org.springframework.boot.test.web.client.TestRestTemplateContextCustomizer@5c8504fd, org.springframework.boot.test.context.SpringBootTestArgs@1, org.springframework.boot.test.context.SpringBootTestWebEnvironment@1224144a], resourceBasePath = 'src/main/webapp', contextLoader = 'org.springframework.boot.test.context.SpringBootContextLoader', parent = [null]], attributes = map['org.springframework.test.context.web.ServletTestExecutionListener.activateListener' -> true]], class annotated with @DirtiesContext [false] with mode [null].
11:13:03.660 [Test worker] DEBUG org.springframework.test.context.support.TestPropertySourceUtils - Adding inlined properties to environment: {spring.jmx.enabled=false, org.springframework.boot.test.context.SpringBootTestContextBootstrapper=true}

  .   ____          _            __ _ _
 /\\ / ___'_ __ _ _(_)_ __  __ _ \ \ \ \
( ( )\___ | '_ | '_| | '_ \/ _` | \ \ \ \
 \\/  ___)| |_)| | | | | || (_| |  ) ) ) )
  '  |____| .__|_| |_|_| |_\__, | / / / /
 =========|_|==============|___/=/_/_/_/
 :: Spring Boot ::                (v2.4.4)

2021-11-11 11:13:04.055  INFO 7455 --- [    Test worker] c.e.s.SpringPaymentsApplicationTests     : Starting SpringPaymentsApplicationTests using Java 11.0.11 on Beta with PID 7455 (started by Veida in /Users/Veida/Desktop/Midterm/spring-payments_C)
2021-11-11 11:13:04.061  INFO 7455 --- [    Test worker] c.e.s.SpringPaymentsApplicationTests     : No active profile set, falling back to default profiles: default
2021-11-11 11:13:05.466  INFO 7455 --- [    Test worker] .s.d.r.c.RepositoryConfigurationDelegate : Bootstrapping Spring Data JPA repositories in DEFAULT mode.
2021-11-11 11:13:05.550  INFO 7455 --- [    Test worker] .s.d.r.c.RepositoryConfigurationDelegate : Finished Spring Data repository scanning in 71 ms. Found 1 JPA repository interfaces.
2021-11-11 11:13:06.409  INFO 7455 --- [    Test worker] o.hibernate.jpa.internal.util.LogHelper  : HHH000204: Processing PersistenceUnitInfo [name: default]
2021-11-11 11:13:06.477  INFO 7455 --- [    Test worker] org.hibernate.Version                    : HHH000412: Hibernate ORM core version 5.4.29.Final
2021-11-11 11:13:06.683  INFO 7455 --- [    Test worker] o.hibernate.annotations.common.Version   : HCANN000001: Hibernate Commons Annotations {5.1.2.Final}
2021-11-11 11:13:06.863  INFO 7455 --- [    Test worker] com.zaxxer.hikari.HikariDataSource       : HikariPool-1 - Starting...
2021-11-11 11:13:07.432  INFO 7455 --- [    Test worker] com.zaxxer.hikari.HikariDataSource       : HikariPool-1 - Start completed.
2021-11-11 11:13:07.528  INFO 7455 --- [    Test worker] org.hibernate.dialect.Dialect            : HHH000400: Using dialect: org.hibernate.dialect.MySQL8Dialect
2021-11-11 11:13:09.069  INFO 7455 --- [    Test worker] o.h.e.t.j.p.i.JtaPlatformInitiator       : HHH000490: Using JtaPlatform implementation: [org.hibernate.engine.transaction.jta.platform.internal.NoJtaPlatform]
2021-11-11 11:13:09.081  INFO 7455 --- [    Test worker] j.LocalContainerEntityManagerFactoryBean : Initialized JPA EntityManagerFactory for persistence unit 'default'
2021-11-11 11:13:10.370  WARN 7455 --- [    Test worker] JpaBaseConfiguration$JpaWebConfiguration : spring.jpa.open-in-view is enabled by default. Therefore, database queries may be performed during view rendering. Explicitly configure spring.jpa.open-in-view to disable this warning
2021-11-11 11:13:10.866  INFO 7455 --- [    Test worker] o.s.s.concurrent.ThreadPoolTaskExecutor  : Initializing ExecutorService 'applicationTaskExecutor'
2021-11-11 11:13:11.829  INFO 7455 --- [    Test worker] c.e.s.SpringPaymentsApplicationTests     : Started SpringPaymentsApplicationTests in 8.148 seconds (JVM running for 10.419)
]]></system-out>
  <system-err><![CDATA[]]></system-err>
</testsuite>
